app/build/intermediates/manifest_merge_blame_file/debug/manifest-merger-blame-debug-report.txt
1<?xml version="1.0" encoding="utf-8"?>
2<manifest xmlns:android="http://schemas.android.com/apk/res/android"
3    package="com.inovex.bikroyik"
4    android:versionCode="17"
5    android:versionName="1.1.8" >
6
7    <uses-sdk
8        android:minSdkVersion="21"
8-->src\main\AndroidManifest.xml
9        android:targetSdkVersion="31" />
9-->src\main\AndroidManifest.xml
10
11    <uses-permission android:name="android.permission.ACCESS_NETWORK_STATE" />
11-->src\main\AndroidManifest.xml:6:5-79
11-->src\main\AndroidManifest.xml:6:22-76
12    <uses-permission
12-->src\main\AndroidManifest.xml:7:5-9:38
13        android:name="android.permission.BLUETOOTH"
13-->src\main\AndroidManifest.xml:8:9-52
14        android:maxSdkVersion="30" />
14-->src\main\AndroidManifest.xml:9:9-35
15    <uses-permission
15-->src\main\AndroidManifest.xml:10:5-12:38
16        android:name="android.permission.BLUETOOTH_ADMIN"
16-->src\main\AndroidManifest.xml:11:9-58
17        android:maxSdkVersion="30" />
17-->src\main\AndroidManifest.xml:12:9-35
18    <uses-permission android:name="android.permission.BLUETOOTH_SCAN" />
18-->src\main\AndroidManifest.xml:13:5-73
18-->src\main\AndroidManifest.xml:13:22-70
19    <uses-permission android:name="android.permission.BLUETOOTH_ADVERTISE" />
19-->src\main\AndroidManifest.xml:14:5-78
19-->src\main\AndroidManifest.xml:14:22-75
20    <uses-permission android:name="android.permission.BLUETOOTH_CONNECT" /> <!-- Needed only if your app uses Bluetooth scan results to derive physical location. -->
20-->src\main\AndroidManifest.xml:15:5-76
20-->src\main\AndroidManifest.xml:15:22-73
21    <uses-permission android:name="android.permission.ACCESS_FINE_LOCATION" />
21-->src\main\AndroidManifest.xml:16:5-79
21-->src\main\AndroidManifest.xml:16:22-76
22    <uses-permission android:name="android.permission.ACCESS_NETWORK_STATE" />
22-->src\main\AndroidManifest.xml:6:5-79
22-->src\main\AndroidManifest.xml:6:22-76
23    <uses-permission android:name="android.permission.READ_CONTACTS" />
23-->src\main\AndroidManifest.xml:18:5-72
23-->src\main\AndroidManifest.xml:18:22-69
24    <uses-permission android:name="android.permission.WRITE_CONTACTS" />
24-->src\main\AndroidManifest.xml:19:5-73
24-->src\main\AndroidManifest.xml:19:22-70
25    <uses-permission android:name="android.permission.INTERNET" /> <!-- GPS -->
25-->src\main\AndroidManifest.xml:20:5-67
25-->src\main\AndroidManifest.xml:20:22-64
26    <uses-permission android:name="android.permission.ACCESS_FINE_LOCATION" />
26-->src\main\AndroidManifest.xml:16:5-79
26-->src\main\AndroidManifest.xml:16:22-76
27    <uses-permission android:name="android.permission.ACCESS_COARSE_LOCATION" />
27-->src\main\AndroidManifest.xml:22:5-81
27-->src\main\AndroidManifest.xml:22:22-78
28    <uses-permission android:name="android.permission.READ_PHONE_STATE" />
28-->src\main\AndroidManifest.xml:23:5-75
28-->src\main\AndroidManifest.xml:23:22-72
29    <uses-permission android:name="android.permission.RECEIVE_BOOT_COMPLETED" />
29-->src\main\AndroidManifest.xml:24:5-81
29-->src\main\AndroidManifest.xml:24:22-78
30    <uses-permission android:name="android.permission.WRITE_EXTERNAL_STORAGE" />
30-->src\main\AndroidManifest.xml:25:5-27:40
30-->src\main\AndroidManifest.xml:26:9-65
31    <uses-permission android:name="android.permission.READ_EXTERNAL_STORAGE" />
31-->src\main\AndroidManifest.xml:28:5-80
31-->src\main\AndroidManifest.xml:28:22-77
32    <uses-permission android:name="android.permission.ACCESS_NETWORK_STATE" />
32-->src\main\AndroidManifest.xml:6:5-79
32-->src\main\AndroidManifest.xml:6:22-76
33    <uses-permission android:name="android.permission.CALL_PHONE" />
33-->src\main\AndroidManifest.xml:30:5-69
33-->src\main\AndroidManifest.xml:30:22-66
34    <uses-permission android:name="android.permission.CAMERA" /> <!-- Camera -->
34-->src\main\AndroidManifest.xml:31:5-65
34-->src\main\AndroidManifest.xml:31:22-62
35    <uses-permission android:name="android.permission.FOREGROUND_SERVICE" />
35-->src\main\AndroidManifest.xml:32:5-77
35-->src\main\AndroidManifest.xml:32:22-74
36    <uses-permission android:name="android.permission.ACCESS_BACKGROUND_LOCATION" />
36-->src\main\AndroidManifest.xml:33:5-85
36-->src\main\AndroidManifest.xml:33:22-82
37    <uses-permission android:name="android.permission.CHANGE_WIFI_STATE" />
37-->src\main\AndroidManifest.xml:34:5-76
37-->src\main\AndroidManifest.xml:34:22-73
38    <uses-permission android:name="android.permission.ACCESS_WIFI_STATE" />
38-->src\main\AndroidManifest.xml:35:5-76
38-->src\main\AndroidManifest.xml:35:22-73
39
40    <supports-screens android:anyDensity="true" />
40-->src\main\AndroidManifest.xml:37:5-51
40-->src\main\AndroidManifest.xml:37:23-48
41
42    <uses-feature
42-->src\main\AndroidManifest.xml:39:5-41:35
43        android:name="android.hardware.camera"
43-->src\main\AndroidManifest.xml:40:9-47
44        android:required="true" />
44-->src\main\AndroidManifest.xml:41:9-32
45    <uses-feature
45-->[com.google.android.gms:play-services-maps:17.0.0] AndroidManifest.xml:26:5-28:35
46        android:glEsVersion="0x00020000"
46-->[com.google.android.gms:play-services-maps:17.0.0] AndroidManifest.xml:27:9-41
47        android:required="true" />
47-->[com.google.android.gms:play-services-maps:17.0.0] AndroidManifest.xml:28:9-32
48
49    <uses-permission android:name="android.permission.WAKE_LOCK" /> <!-- Required by older versions of Google Play services to create IID tokens -->
49-->[com.google.firebase:firebase-messaging:22.0.0] AndroidManifest.xml:23:5-68
49-->[com.google.firebase:firebase-messaging:22.0.0] AndroidManifest.xml:23:22-65
50    <uses-permission android:name="com.google.android.c2dm.permission.RECEIVE" />
50-->[com.google.firebase:firebase-messaging:22.0.0] AndroidManifest.xml:25:5-82
50-->[com.google.firebase:firebase-messaging:22.0.0] AndroidManifest.xml:25:22-79
51    <uses-permission android:name="com.google.android.finsky.permission.BIND_GET_INSTALL_REFERRER_SERVICE" />
51-->[com.google.android.gms:play-services-measurement:19.0.0] AndroidManifest.xml:26:5-110
51-->[com.google.android.gms:play-services-measurement:19.0.0] AndroidManifest.xml:26:22-107
52
53    <queries>
53-->[com.facebook.android:audience-network-sdk:6.11.0] AndroidManifest.xml:11:5-13:15
54        <package android:name="com.facebook.katana" />
54-->[com.facebook.android:audience-network-sdk:6.11.0] AndroidManifest.xml:12:9-55
54-->[com.facebook.android:audience-network-sdk:6.11.0] AndroidManifest.xml:12:18-52
55    </queries>
56
57    <application
57-->src\main\AndroidManifest.xml:43:5-355:19
58        android:allowBackup="true"
58-->src\main\AndroidManifest.xml:44:9-35
59        android:appComponentFactory="androidx.core.app.CoreComponentFactory"
59-->[androidx.core:core:1.5.0] AndroidManifest.xml:24:18-86
60        android:debuggable="true"
61        android:icon="@mipmap/ic_launcher"
61-->src\main\AndroidManifest.xml:45:9-43
62        android:label="@string/app_name"
62-->src\main\AndroidManifest.xml:46:9-41
63        android:roundIcon="@mipmap/ic_launcher_round"
63-->src\main\AndroidManifest.xml:47:9-54
64        android:supportsRtl="true"
64-->src\main\AndroidManifest.xml:48:9-35
65        android:testOnly="true"
66        android:theme="@style/Theme.Paiker"
66-->src\main\AndroidManifest.xml:49:9-44
67        android:usesCleartextTraffic="true" >
67-->src\main\AndroidManifest.xml:50:9-44
68        <receiver
68-->src\main\AndroidManifest.xml:54:9-60:20
69            android:name="com.inovex.bikroyik.NetworkStateChangeReceiver"
69-->src\main\AndroidManifest.xml:55:13-55
70            android:exported="false" >
70-->src\main\AndroidManifest.xml:56:13-37
71            <intent-filter>
71-->src\main\AndroidManifest.xml:57:13-59:29
72                <action android:name="android.net.conn.CONNECTIVITY_CHANGE" />
72-->src\main\AndroidManifest.xml:58:17-79
72-->src\main\AndroidManifest.xml:58:25-76
73            </intent-filter>
74        </receiver>
75
76        <activity
76-->src\main\AndroidManifest.xml:62:9-64:40
77            android:name="com.inovex.bikroyik.UI.activity.OrderPendingActivity"
77-->src\main\AndroidManifest.xml:63:13-61
78            android:exported="false" />
78-->src\main\AndroidManifest.xml:64:13-37
79        <activity
79-->src\main\AndroidManifest.xml:65:9-67:40
80            android:name="com.inovex.bikroyik.UI.activity.SignUpActivity"
80-->src\main\AndroidManifest.xml:66:13-55
81            android:exported="false" />
81-->src\main\AndroidManifest.xml:67:13-37
82        <activity
82-->src\main\AndroidManifest.xml:68:9-80:20
83            android:name="com.inovex.bikroyik.UI.activity.SplashActivity"
83-->src\main\AndroidManifest.xml:69:13-55
84            android:exported="true" >
84-->src\main\AndroidManifest.xml:70:13-36
85
86            <!--
87            <intent-filter>
88                <action android:name="android.intent.action.MAIN" />
89
90                <category android:name="android.intent.category.LAUNCHER" />
91            </intent-filter>
92            -->
93
94        </activity>
95        <activity
95-->src\main\AndroidManifest.xml:81:9-84:57
96            android:name="com.inovex.bikroyik.UI.activity.PopUpWindowActivitiy"
96-->src\main\AndroidManifest.xml:82:13-61
97            android:exported="false"
97-->src\main\AndroidManifest.xml:83:13-37
98            android:theme="@style/Theme.Paiker.popMe" />
98-->src\main\AndroidManifest.xml:84:13-54
99        <activity
99-->src\main\AndroidManifest.xml:85:9-87:40
100            android:name="com.inovex.bikroyik.UI.activity.OrderItemActivity"
100-->src\main\AndroidManifest.xml:86:13-58
101            android:exported="false" />
101-->src\main\AndroidManifest.xml:87:13-37
102        <activity
102-->src\main\AndroidManifest.xml:88:9-90:40
103            android:name="com.inovex.bikroyik.UI.activity.ChangeLanguageActivity"
103-->src\main\AndroidManifest.xml:89:13-63
104            android:exported="false" />
104-->src\main\AndroidManifest.xml:90:13-37
105        <activity
105-->src\main\AndroidManifest.xml:91:9-93:40
106            android:name="com.inovex.bikroyik.UI.activity.OrderDetailsViewActivity"
106-->src\main\AndroidManifest.xml:92:13-65
107            android:exported="false" />
107-->src\main\AndroidManifest.xml:93:13-37
108        <activity
108-->src\main\AndroidManifest.xml:94:9-96:40
109            android:name="com.inovex.bikroyik.UI.activity.ScreenNavigation"
109-->src\main\AndroidManifest.xml:95:13-57
110            android:exported="false" />
110-->src\main\AndroidManifest.xml:96:13-37
111        <activity
111-->src\main\AndroidManifest.xml:97:9-99:40
112            android:name="com.inovex.bikroyik.UI.activity.PasswordUpdatedActivity"
112-->src\main\AndroidManifest.xml:98:13-64
113            android:exported="false" />
113-->src\main\AndroidManifest.xml:99:13-37
114        <activity
114-->src\main\AndroidManifest.xml:100:9-102:40
115            android:name="com.inovex.bikroyik.UI.activity.ProfileInfoActivity"
115-->src\main\AndroidManifest.xml:101:13-60
116            android:exported="false" />
116-->src\main\AndroidManifest.xml:102:13-37
117        <activity
117-->src\main\AndroidManifest.xml:103:9-105:40
118            android:name="com.inovex.bikroyik.UI.activity.StockActivity"
118-->src\main\AndroidManifest.xml:104:13-54
119            android:exported="false" />
119-->src\main\AndroidManifest.xml:105:13-37
120        <activity
120-->src\main\AndroidManifest.xml:106:9-108:40
121            android:name="com.inovex.bikroyik.UI.activity.ProductListActivity"
121-->src\main\AndroidManifest.xml:107:13-60
122            android:exported="false" />
122-->src\main\AndroidManifest.xml:108:13-37
123        <activity
123-->src\main\AndroidManifest.xml:109:9-111:40
124            android:name="com.inovex.bikroyik.UI.activity.DepositActivity"
124-->src\main\AndroidManifest.xml:110:13-56
125            android:exported="false" />
125-->src\main\AndroidManifest.xml:111:13-37
126        <activity
126-->src\main\AndroidManifest.xml:112:9-114:40
127            android:name="com.inovex.bikroyik.UI.activity.DueListActivity"
127-->src\main\AndroidManifest.xml:113:13-56
128            android:exported="false" />
128-->src\main\AndroidManifest.xml:114:13-37
129        <activity
129-->src\main\AndroidManifest.xml:115:9-117:40
130            android:name="com.inovex.bikroyik.UI.activity.EmployeeListActivity"
130-->src\main\AndroidManifest.xml:116:13-61
131            android:exported="false" />
131-->src\main\AndroidManifest.xml:117:13-37
132        <activity
132-->src\main\AndroidManifest.xml:118:9-120:40
133            android:name="com.inovex.bikroyik.UI.activity.OthersActivity"
133-->src\main\AndroidManifest.xml:119:13-55
134            android:exported="false" />
134-->src\main\AndroidManifest.xml:120:13-37
135        <activity
135-->src\main\AndroidManifest.xml:121:9-123:40
136            android:name="com.inovex.bikroyik.UI.activity.RentActivity"
136-->src\main\AndroidManifest.xml:122:13-53
137            android:exported="false" />
137-->src\main\AndroidManifest.xml:123:13-37
138        <activity
138-->src\main\AndroidManifest.xml:124:9-126:40
139            android:name="com.inovex.bikroyik.UI.activity.BillActivity"
139-->src\main\AndroidManifest.xml:125:13-53
140            android:exported="false" />
140-->src\main\AndroidManifest.xml:126:13-37
141        <activity
141-->src\main\AndroidManifest.xml:127:9-129:40
142            android:name="com.inovex.bikroyik.UI.activity.PaymentActivity"
142-->src\main\AndroidManifest.xml:128:13-56
143            android:exported="false" />
143-->src\main\AndroidManifest.xml:129:13-37
144        <activity
144-->src\main\AndroidManifest.xml:130:9-132:40
145            android:name="com.inovex.bikroyik.UI.activity.BuyActivity"
145-->src\main\AndroidManifest.xml:131:13-52
146            android:exported="false" />
146-->src\main\AndroidManifest.xml:132:13-37
147        <activity
147-->src\main\AndroidManifest.xml:133:9-135:40
148            android:name="com.inovex.bikroyik.UI.activity.Expense"
148-->src\main\AndroidManifest.xml:134:13-48
149            android:exported="false" />
149-->src\main\AndroidManifest.xml:135:13-37
150        <activity
150-->src\main\AndroidManifest.xml:136:9-138:40
151            android:name="com.inovex.bikroyik.UI.activity.MainActivity"
151-->src\main\AndroidManifest.xml:137:13-53
152            android:exported="false" />
152-->src\main\AndroidManifest.xml:138:13-37
153        <activity
153-->src\main\AndroidManifest.xml:139:9-151:20
154            android:name="com.inovex.bikroyik.SplashActivityMerchant"
154-->src\main\AndroidManifest.xml:140:13-51
155            android:exported="true" >
155-->src\main\AndroidManifest.xml:141:13-36
156
157            <!--
158           <intent-filter>
159               <action android:name="android.intent.action.MAIN" />
160
161               <category android:name="android.intent.category.LAUNCHER" />
162           </intent-filter>
163            -->
164
165        </activity>
166        <activity
166-->src\main\AndroidManifest.xml:152:9-154:40
167            android:name="com.inovex.bikroyik.UI.activity.SelectPosActivity"
167-->src\main\AndroidManifest.xml:153:13-58
168            android:exported="false" />
168-->src\main\AndroidManifest.xml:154:13-37
169        <activity
169-->src\main\AndroidManifest.xml:155:9-158:54
170            android:name="com.inovex.bikroyik.UI.activity.SigninActivity"
170-->src\main\AndroidManifest.xml:156:13-55
171            android:exported="false"
171-->src\main\AndroidManifest.xml:157:13-37
172            android:theme="@style/MyMaterialTheme" />
172-->src\main\AndroidManifest.xml:158:13-51
173        <activity
173-->src\main\AndroidManifest.xml:159:9-162:54
174            android:name="com.inovex.bikroyik.UI.activity.OrderHistoryActivity"
174-->src\main\AndroidManifest.xml:160:13-61
175            android:exported="false"
175-->src\main\AndroidManifest.xml:161:13-37
176            android:theme="@style/MyMaterialTheme" />
176-->src\main\AndroidManifest.xml:162:13-51
177        <activity
177-->src\main\AndroidManifest.xml:163:9-166:54
178            android:name="com.inovex.bikroyik.UI.activity.ScanActivity"
178-->src\main\AndroidManifest.xml:164:13-53
179            android:exported="false"
179-->src\main\AndroidManifest.xml:165:13-37
180            android:theme="@style/MyMaterialTheme" />
180-->src\main\AndroidManifest.xml:166:13-51
181        <activity
181-->src\main\AndroidManifest.xml:167:9-170:54
182            android:name="com.inovex.bikroyik.UI.activity.PhoneBookActivity"
182-->src\main\AndroidManifest.xml:168:13-58
183            android:exported="false"
183-->src\main\AndroidManifest.xml:169:13-37
184            android:theme="@style/MyMaterialTheme" />
184-->src\main\AndroidManifest.xml:170:13-51
185        <activity
185-->src\main\AndroidManifest.xml:171:9-174:74
186            android:name="com.inovex.bikroyik.UI.activity.NewContact"
186-->src\main\AndroidManifest.xml:172:13-51
187            android:exported="false"
187-->src\main\AndroidManifest.xml:173:13-37
188            android:theme="@style/MyMaterialTheme.BlackTextOptionMenu" />
188-->src\main\AndroidManifest.xml:174:13-71
189        <activity
189-->src\main\AndroidManifest.xml:175:9-179:54
190            android:name="com.inovex.bikroyik.UI.activity.ContactListActivity"
190-->src\main\AndroidManifest.xml:176:13-60
191            android:exported="true"
191-->src\main\AndroidManifest.xml:177:13-36
192            android:label="LibMain"
192-->src\main\AndroidManifest.xml:178:13-36
193            android:theme="@style/MyMaterialTheme" />
193-->src\main\AndroidManifest.xml:179:13-51
194        <activity
194-->src\main\AndroidManifest.xml:180:9-184:54
195            android:name="com.inovex.bikroyik.UI.activity.BakirKhata"
195-->src\main\AndroidManifest.xml:181:13-51
196            android:configChanges="orientation|keyboardHidden|keyboard|screenSize|uiMode"
196-->src\main\AndroidManifest.xml:182:13-90
197            android:exported="false"
197-->src\main\AndroidManifest.xml:183:13-37
198            android:theme="@style/MyMaterialTheme" />
198-->src\main\AndroidManifest.xml:184:13-51
199        <activity
199-->src\main\AndroidManifest.xml:185:9-188:54
200            android:name="com.inovex.bikroyik.UI.activity.OrderPrintActivity"
200-->src\main\AndroidManifest.xml:186:13-59
201            android:exported="true"
201-->src\main\AndroidManifest.xml:187:13-36
202            android:theme="@style/MyMaterialTheme" />
202-->src\main\AndroidManifest.xml:188:13-51
203        <activity
203-->src\main\AndroidManifest.xml:189:9-192:54
204            android:name="com.inovex.bikroyik.UI.activity.PrintActivity"
204-->src\main\AndroidManifest.xml:190:13-54
205            android:exported="true"
205-->src\main\AndroidManifest.xml:191:13-36
206            android:theme="@style/MyMaterialTheme" />
206-->src\main\AndroidManifest.xml:192:13-51
207        <activity android:name="com.inovex.bikroyik.UI.activity.DeviceList" />
207-->src\main\AndroidManifest.xml:193:9-60
207-->src\main\AndroidManifest.xml:193:19-57
208        <activity
208-->src\main\AndroidManifest.xml:194:9-197:54
209            android:name="com.inovex.bikroyik.UI.activity.MakePaymentActivity"
209-->src\main\AndroidManifest.xml:195:13-60
210            android:exported="false"
210-->src\main\AndroidManifest.xml:196:13-37
211            android:theme="@style/MyMaterialTheme" />
211-->src\main\AndroidManifest.xml:197:13-51
212        <activity
212-->src\main\AndroidManifest.xml:198:9-201:54
213            android:name="com.inovex.bikroyik.UI.activity.TotalChargeCalculationActivity"
213-->src\main\AndroidManifest.xml:199:13-71
214            android:exported="false"
214-->src\main\AndroidManifest.xml:200:13-37
215            android:theme="@style/MyMaterialTheme" />
215-->src\main\AndroidManifest.xml:201:13-51
216        <activity
216-->src\main\AndroidManifest.xml:202:9-205:54
217            android:name="com.inovex.bikroyik.UI.activity.SingleOrderItemActivity"
217-->src\main\AndroidManifest.xml:203:13-64
218            android:exported="false"
218-->src\main\AndroidManifest.xml:204:13-37
219            android:theme="@style/MyMaterialTheme" />
219-->src\main\AndroidManifest.xml:205:13-51
220        <activity
220-->src\main\AndroidManifest.xml:206:9-209:55
221            android:name="com.inovex.bikroyik.UI.activity.OrderActivity"
221-->src\main\AndroidManifest.xml:207:13-54
222            android:exported="false"
222-->src\main\AndroidManifest.xml:208:13-37
223            android:windowSoftInputMode="adjustPan" />
223-->src\main\AndroidManifest.xml:209:13-52
224        <activity
224-->src\main\AndroidManifest.xml:210:9-212:40
225            android:name="com.inovex.bikroyik.UI.activity.DashBoardActivity"
225-->src\main\AndroidManifest.xml:211:13-58
226            android:exported="false" />
226-->src\main\AndroidManifest.xml:212:13-37
227        <activity
227-->src\main\AndroidManifest.xml:213:9-216:54
228            android:name="com.inovex.bikroyik.UI.activity.EditHomepageActivity"
228-->src\main\AndroidManifest.xml:214:13-61
229            android:exported="true"
229-->src\main\AndroidManifest.xml:215:13-36
230            android:theme="@style/MyMaterialTheme" />
230-->src\main\AndroidManifest.xml:216:13-51
231        <activity
231-->src\main\AndroidManifest.xml:217:9-219:49
232            android:name="com.inovex.bikroyik.activity.PasswordChangeActivity"
232-->src\main\AndroidManifest.xml:218:13-60
233            android:theme="@style/LogInStyle" />
233-->src\main\AndroidManifest.xml:219:13-46
234        <activity
234-->src\main\AndroidManifest.xml:220:9-222:54
235            android:name="com.inovex.bikroyik.activity.RouteActivity"
235-->src\main\AndroidManifest.xml:221:13-51
236            android:theme="@style/MyMaterialTheme" />
236-->src\main\AndroidManifest.xml:222:13-51
237        <activity
237-->src\main\AndroidManifest.xml:223:9-225:54
238            android:name="com.inovex.bikroyik.activity.NoticeActivity"
238-->src\main\AndroidManifest.xml:224:13-52
239            android:theme="@style/MyMaterialTheme" />
239-->src\main\AndroidManifest.xml:225:13-51
240        <activity
240-->src\main\AndroidManifest.xml:226:9-228:54
241            android:name="com.inovex.bikroyik.activity.MessageActivityDeliveryMan"
241-->src\main\AndroidManifest.xml:227:13-64
242            android:theme="@style/MyMaterialTheme" />
242-->src\main\AndroidManifest.xml:228:13-51
243
244        <meta-data
244-->src\main\AndroidManifest.xml:230:9-232:53
245            android:name="com.google.firebase.messaging.default_notification_color"
245-->src\main\AndroidManifest.xml:231:13-84
246            android:resource="@color/colorAccent" />
246-->src\main\AndroidManifest.xml:232:13-50
247        <meta-data
247-->src\main\AndroidManifest.xml:233:9-235:71
248            android:name="com.google.firebase.messaging.default_notification_channel_id"
248-->src\main\AndroidManifest.xml:234:13-89
249            android:value="@string/default_notification_channel_id" />
249-->src\main\AndroidManifest.xml:235:13-68
250
251        <activity
251-->src\main\AndroidManifest.xml:237:9-246:20
252            android:name="com.inovex.bikroyik.activity.SplashActivity"
252-->src\main\AndroidManifest.xml:238:13-52
253            android:exported="true"
253-->src\main\AndroidManifest.xml:239:13-36
254            android:theme="@style/SplashTheme" >
254-->src\main\AndroidManifest.xml:240:13-47
255            <intent-filter>
255-->src\main\AndroidManifest.xml:241:13-245:29
256                <action android:name="android.intent.action.MAIN" />
256-->src\main\AndroidManifest.xml:242:17-69
256-->src\main\AndroidManifest.xml:242:25-66
257
258                <category android:name="android.intent.category.LAUNCHER" />
258-->src\main\AndroidManifest.xml:244:17-77
258-->src\main\AndroidManifest.xml:244:27-74
259            </intent-filter>
260        </activity>
261        <activity
261-->src\main\AndroidManifest.xml:247:9-249:54
262            android:name="com.inovex.bikroyik.activity.MainActivity"
262-->src\main\AndroidManifest.xml:248:13-50
263            android:theme="@style/MyMaterialTheme" />
263-->src\main\AndroidManifest.xml:249:13-51
264        <activity android:name="com.inovex.bikroyik.activity.LogInActivity1" />
264-->src\main\AndroidManifest.xml:250:9-61
264-->src\main\AndroidManifest.xml:250:19-58
265        <activity
265-->src\main\AndroidManifest.xml:251:9-253:49
266            android:name="com.inovex.bikroyik.activity.LoginActivity"
266-->src\main\AndroidManifest.xml:252:13-51
267            android:theme="@style/LogInStyle" />
267-->src\main\AndroidManifest.xml:253:13-46
268        <activity android:name="com.inovex.bikroyik.activity.HomeScreenMR" />
268-->src\main\AndroidManifest.xml:254:9-59
268-->src\main\AndroidManifest.xml:254:19-56
269        <activity
269-->src\main\AndroidManifest.xml:255:9-257:54
270            android:name="com.inovex.bikroyik.activity.PartyMeetingActivity"
270-->src\main\AndroidManifest.xml:256:13-58
271            android:theme="@style/MyMaterialTheme" />
271-->src\main\AndroidManifest.xml:257:13-51
272        <activity
272-->src\main\AndroidManifest.xml:258:9-260:54
273            android:name="com.inovex.bikroyik.activity.LoadingActivity"
273-->src\main\AndroidManifest.xml:259:13-53
274            android:theme="@style/MyMaterialTheme" />
274-->src\main\AndroidManifest.xml:260:13-51
275        <activity android:name="com.inovex.bikroyik.adapter.DeviceList" />
275-->src\main\AndroidManifest.xml:261:9-56
275-->src\main\AndroidManifest.xml:261:19-53
276        <activity
276-->src\main\AndroidManifest.xml:262:9-264:54
277            android:name="com.inovex.bikroyik.activity.FinalOrder"
277-->src\main\AndroidManifest.xml:263:13-48
278            android:theme="@style/MyMaterialTheme" />
278-->src\main\AndroidManifest.xml:264:13-51
279        <activity android:name="com.inovex.bikroyik.activity.ProductsDirectoryActivity" />
279-->src\main\AndroidManifest.xml:265:9-72
279-->src\main\AndroidManifest.xml:265:19-69
280        <activity android:name="com.inovex.bikroyik.activity.SubmittedRetailers" />
280-->src\main\AndroidManifest.xml:266:9-65
280-->src\main\AndroidManifest.xml:266:19-62
281        <activity
281-->src\main\AndroidManifest.xml:267:9-269:54
282            android:name="com.inovex.bikroyik.activity.SalesOrderActivity"
282-->src\main\AndroidManifest.xml:268:13-56
283            android:theme="@style/MyMaterialTheme" />
283-->src\main\AndroidManifest.xml:269:13-51
284        <activity
284-->src\main\AndroidManifest.xml:270:9-272:54
285            android:name="com.inovex.bikroyik.activity.NewSalesOrderActivity"
285-->src\main\AndroidManifest.xml:271:13-59
286            android:theme="@style/MyMaterialTheme" />
286-->src\main\AndroidManifest.xml:272:13-51
287        <activity
287-->src\main\AndroidManifest.xml:273:9-275:54
288            android:name="com.inovex.bikroyik.activity.SalesOrderDetailActivity"
288-->src\main\AndroidManifest.xml:274:13-62
289            android:theme="@style/MyMaterialTheme" />
289-->src\main\AndroidManifest.xml:275:13-51
290        <activity
290-->src\main\AndroidManifest.xml:276:9-278:54
291            android:name="com.inovex.bikroyik.activity.PrintActivity"
291-->src\main\AndroidManifest.xml:277:13-51
292            android:theme="@style/MyMaterialTheme" />
292-->src\main\AndroidManifest.xml:278:13-51
293        <activity
293-->src\main\AndroidManifest.xml:279:9-281:54
294            android:name="com.inovex.bikroyik.activity.OrderDeliveryActivity"
294-->src\main\AndroidManifest.xml:280:13-59
295            android:theme="@style/MyMaterialTheme" />
295-->src\main\AndroidManifest.xml:281:13-51
296        <activity
296-->src\main\AndroidManifest.xml:282:9-284:54
297            android:name="com.inovex.bikroyik.activity.OrderDetailsActivity"
297-->src\main\AndroidManifest.xml:283:13-58
298            android:theme="@style/MyMaterialTheme" />
298-->src\main\AndroidManifest.xml:284:13-51
299        <activity
299-->src\main\AndroidManifest.xml:285:9-287:67
300            android:name="com.inovex.bikroyik.activity.AddRetailer"
300-->src\main\AndroidManifest.xml:286:13-49
301            android:parentActivityName="com.inovex.bikroyik.activity.MainActivity" />
301-->src\main\AndroidManifest.xml:287:13-64
302        <activity
302-->src\main\AndroidManifest.xml:288:9-290:54
303            android:name="com.inovex.bikroyik.activity.DueCollectionActivity"
303-->src\main\AndroidManifest.xml:289:13-59
304            android:theme="@style/MyMaterialTheme" />
304-->src\main\AndroidManifest.xml:290:13-51
305        <activity
305-->src\main\AndroidManifest.xml:291:9-293:54
306            android:name="com.inovex.bikroyik.activity.TargetActivity"
306-->src\main\AndroidManifest.xml:292:13-52
307            android:theme="@style/MyMaterialTheme" />
307-->src\main\AndroidManifest.xml:293:13-51
308        <activity android:name="com.inovex.bikroyik.activity.AddOrder" />
308-->src\main\AndroidManifest.xml:294:9-55
308-->src\main\AndroidManifest.xml:294:19-52
309        <activity
309-->src\main\AndroidManifest.xml:295:9-297:54
310            android:name="com.inovex.bikroyik.activity.FinalOrderDetailsActivity"
310-->src\main\AndroidManifest.xml:296:13-63
311            android:theme="@style/MyMaterialTheme" />
311-->src\main\AndroidManifest.xml:297:13-51
312        <activity
312-->src\main\AndroidManifest.xml:298:9-300:54
313            android:name="com.inovex.bikroyik.activity.OrderList"
313-->src\main\AndroidManifest.xml:299:13-47
314            android:theme="@style/MyMaterialTheme" />
314-->src\main\AndroidManifest.xml:300:13-51
315        <activity
315-->src\main\AndroidManifest.xml:301:9-303:54
316            android:name="com.inovex.bikroyik.activity.NotificationActivity"
316-->src\main\AndroidManifest.xml:302:13-58
317            android:theme="@style/MyMaterialTheme" />